<?xml version="1.0" encoding="UTF-8"?>
<!-- Generated by org.testng.reporters.JUnitXMLReporter -->
<testsuite hostname="AMK53S-26" name="Default test" tests="7" failures="0" timestamp="21 Aug 2015 10:27:28 GMT" time="0.076" errors="0">
  <testcase name="@BeforeTest beforeTest" time="0.0" classname="Maven.TestNG.ParallelSuiteTest">
    <failure type="org.testng.TestNGException" message="
Parameter &amp;apos;test-name&amp;apos; is required by @Configuration on method beforeTest but has not been marked @Optional or defined
in C:\Users\Thinh Luong\AppData\Local\Temp\testng-eclipse-1792821856\testng-customsuite.xml">
      <![CDATA[org.testng.TestNGException: 
Parameter 'test-name' is required by @Configuration on method beforeTest but has not been marked @Optional or defined
in C:\Users\Thinh Luong\AppData\Local\Temp\testng-eclipse-1792821856\testng-customsuite.xml
	at org.testng.internal.Parameters.createParameters(Parameters.java:155)
	at org.testng.internal.Parameters.createParameters(Parameters.java:358)
	at org.testng.internal.Parameters.createConfigurationParameters(Parameters.java:86)
	at org.testng.internal.Invoker.invokeConfigurations(Invoker.java:199)
	at org.testng.internal.Invoker.invokeConfigurations(Invoker.java:138)
	at org.testng.TestRunner.beforeRun(TestRunner.java:641)
	at org.testng.TestRunner.run(TestRunner.java:609)
	at org.testng.SuiteRunner.runTest(SuiteRunner.java:334)
	at org.testng.SuiteRunner.runSequentially(SuiteRunner.java:329)
	at org.testng.SuiteRunner.privateRun(SuiteRunner.java:291)
	at org.testng.SuiteRunner.run(SuiteRunner.java:240)
	at org.testng.SuiteRunnerWorker.runSuite(SuiteRunnerWorker.java:52)
	at org.testng.SuiteRunnerWorker.run(SuiteRunnerWorker.java:86)
	at org.testng.TestNG.runSuitesSequentially(TestNG.java:1224)
	at org.testng.TestNG.runSuitesLocally(TestNG.java:1149)
	at org.testng.TestNG.run(TestNG.java:1057)
	at org.testng.remote.RemoteTestNG.run(RemoteTestNG.java:111)
	at org.testng.remote.RemoteTestNG.initAndRun(RemoteTestNG.java:204)
	at org.testng.remote.RemoteTestNG.main(RemoteTestNG.java:175)
]]>
    </failure>
  </testcase> <!-- @BeforeTest beforeTest -->
  <testcase name="@BeforeClass beforeClass" time="0.0" classname="Maven.TestNG.ParallelSuiteTest">
    <skipped/>
  </testcase> <!-- @BeforeClass beforeClass -->
  <testcase name="@AfterClass afterClass" time="0.0" classname="Maven.TestNG.ParallelSuiteTest">
    <skipped/>
  </testcase> <!-- @AfterClass afterClass -->
  <testcase name="@BeforeClass beforeMethod" time="0.0" classname="Maven.TestNG.Login_inMaven">
    <skipped/>
  </testcase> <!-- @BeforeClass beforeMethod -->
  <testcase name="@AfterClass afterMethod" time="0.0" classname="Maven.TestNG.Login_inMaven">
    <skipped/>
  </testcase> <!-- @AfterClass afterMethod -->
  <testcase name="@AfterTest afterTest" time="0.0" classname="Maven.TestNG.ParallelSuiteTest">
    <skipped/>
  </testcase> <!-- @AfterTest afterTest -->
  <testcase name="testMethodOne" time="0.014" classname="Maven.TestNG.ParallelSuiteTest">
    <skipped/>
  </testcase> <!-- testMethodOne -->
  <testcase name="Login_Valid" time="0.001" classname="Maven.TestNG.Login_inMaven">
    <skipped/>
  </testcase> <!-- Login_Valid -->
  <testcase name="testMethodFour" time="0.001" classname="Maven.TestNG.RegularExpressionGroupTest">
    <skipped/>
  </testcase> <!-- testMethodFour -->
  <testcase name="testMethodOne" time="0.0" classname="Maven.TestNG.RegularExpressionGroupTest">
    <skipped/>
  </testcase> <!-- testMethodOne -->
  <testcase name="testMethodThree" time="0.001" classname="Maven.TestNG.RegularExpressionGroupTest">
    <skipped/>
  </testcase> <!-- testMethodThree -->
  <testcase name="testMethodTwo" time="0.0" classname="Maven.TestNG.RegularExpressionGroupTest">
    <skipped/>
  </testcase> <!-- testMethodTwo -->
  <testcase name="oneMoreTest" time="0.001" classname="Maven.TestNG.AppTest">
    <skipped/>
  </testcase> <!-- oneMoreTest -->
</testsuite> <!-- Default test -->
