<?xml version="1.0" encoding="UTF-8"?>
<testng-results skipped="6" failed="0" total="8" passed="2">
  <reporter-output>
  </reporter-output>
  <suite name="Group of group suite" duration-ms="49468" started-at="2016-02-22T11:49:14Z" finished-at="2016-02-22T11:50:04Z">
    <groups>
      <group name="checka">
        <method signature="Login_inMaven.Login_Valid()[pri:0, instance:Maven.TestNG.Login_inMaven@7f63425a]" name="Login_Valid" class="Maven.TestNG.Login_inMaven"/>
      </group> <!-- checka -->
    </groups>
    <test name="TestNG ne" duration-ms="49468" started-at="2016-02-22T11:49:14Z" finished-at="2016-02-22T11:50:04Z">
      <class name="Maven.TestNG.Login_inMaven">
        <test-method status="FAIL" signature="beforeMethod()[pri:0, instance:Maven.TestNG.Login_inMaven@7f63425a]" name="beforeMethod" is-config="true" duration-ms="0" started-at="2016-02-22T18:49:14Z" finished-at="2016-02-22T18:49:14Z">
          <exception class="org.openqa.selenium.WebDriverException">
            <message>
              <![CDATA[Failed to connect to binary FirefoxBinary(C:\Program Files (x86)\Mozilla Firefox\firefox.exe) on port 7055; process output follows: 
\fxdriver@googlecode.com","installDate":1456141756304,"updateDate":1456141756304,"applyBackgroundUpdates":1,"bootstrap":false,"size":8234871,"sourceURI":null,"releaseNotesURI":null,"softDisabled":false,"foreignInstall":true,"hasBinaryComponents":true,"strictCompatibility":false,"locales":[],"targetApplications":[{"id":"{ec8030f7-c20a-464f-9b0e-13a3a9e97384}","minVersion":"3.0","maxVersion":"66.*"}],"targetPlatforms":[{"os":"Darwin","abi":null},{"os":"SunOS","abi":null},{"os":"FreeBSD","abi":null},{"os":"OpenBSD","abi":null},{"os":"WINNT","abi":"x86-msvc"},{"os":"Linux","abi":null}],"multiprocessCompatible":false,"signedState":0}
1456141760651	addons.xpi	DEBUG	Updating XPIState for {"id":"{972ce4c6-7e08-4474-a285-3208198ce6fd}","syncGUID":"LdXmkYWDl4Nz","location":"app-global","version":"44.0.2","type":"theme","internalName":"classic/1.0","updateURL":null,"updateKey":null,"optionsURL":null,"optionsType":null,"aboutURL":null,"icons":{"32":"icon.png","48":"icon.png"},"iconURL":null,"icon64URL":null,"defaultLocale":{"name":"Default","description":"The default theme.","creator":"Mozilla","homepageURL":null,"contributors":["Mozilla Contributors"]},"visible":true,"active":true,"userDisabled":false,"appDisabled":false,"descriptor":"C:\\Program Files (x86)\\Mozilla Firefox\\browser\\extensions\\{972ce4c6-7e08-4474-a285-3208198ce6fd}","installDate":1455521149861,"updateDate":1455521149861,"applyBackgroundUpdates":1,"skinnable":true,"size":24172,"sourceURI":null,"releaseNotesURI":null,"softDisabled":false,"foreignInstall":false,"hasBinaryComponents":false,"strictCompatibility":true,"locales":[],"targetApplications":[{"id":"{ec8030f7-c20a-464f-9b0e-13a3a9e97384}","minVersion":"44.0.2","maxVersion":"44.0.2"}],"targetPlatforms":[]}
1456141760651	addons.xpi	DEBUG	getModTime: Recursive scan of {972ce4c6-7e08-4474-a285-3208198ce6fd}
1456141760653	DeferredSave.extensions.json	DEBUG	Save changes
1456141760654	addons.xpi	DEBUG	Updating database with changes to installed add-ons
1456141760654	addons.xpi-utils	DEBUG	Updating add-on states
1456141760657	addons.xpi-utils	DEBUG	Writing add-ons list
1456141760666	addons.manager	DEBUG	Registering shutdown blocker for XPIProvider
1456141760666	addons.manager	DEBUG	Provider finished startup: XPIProvider
1456141760667	addons.manager	DEBUG	Starting provider: LightweightThemeManager
1456141760667	addons.manager	DEBUG	Registering shutdown blocker for LightweightThemeManager
1456141760667	addons.manager	DEBUG	Provider finished startup: LightweightThemeManager
1456141760667	addons.manager	DEBUG	Starting provider: GMPProvider
1456141760673	addons.manager	DEBUG	Registering shutdown blocker for GMPProvider
1456141760674	addons.manager	DEBUG	Provider finished startup: GMPProvider
1456141760674	addons.manager	DEBUG	Starting provider: PluginProvider
1456141760674	addons.manager	DEBUG	Registering shutdown blocker for PluginProvider
1456141760674	addons.manager	DEBUG	Provider finished startup: PluginProvider
1456141760674	addons.manager	DEBUG	Completed startup sequence
1456141762061	addons.manager	DEBUG	Starting provider: <unnamed-provider>
1456141762062	addons.manager	DEBUG	Registering shutdown blocker for <unnamed-provider>
1456141762063	addons.manager	DEBUG	Provider finished startup: <unnamed-provider>
1456141762364	DeferredSave.extensions.json	DEBUG	Starting write
1456141762915	addons.repository	DEBUG	No addons.json found.
1456141762915	DeferredSave.addons.json	DEBUG	Save changes
1456141762930	DeferredSave.addons.json	DEBUG	Starting timer
1456141762944	addons.manager	DEBUG	Starting provider: PreviousExperimentProvider
1456141762945	addons.manager	DEBUG	Registering shutdown blocker for PreviousExperimentProvider
1456141762945	addons.manager	DEBUG	Provider finished startup: PreviousExperimentProvider
1456141762949	DeferredSave.extensions.json	DEBUG	Write succeeded
1456141762949	addons.xpi-utils	DEBUG	XPI Database saved, setting schema version preference to 17
1456141762984	DeferredSave.addons.json	DEBUG	Starting write
1456141762994	DeferredSave.addons.json	DEBUG	Write succeeded

Build info: version: '2.47.1', revision: 'unknown', time: '2015-07-30 11:02:44'
System info: host: 'AMK53S-26', ip: '192.168.5.59', os.name: 'Windows 7', os.arch: 'amd64', os.version: '6.1', java.version: '1.8.0_45'
Driver info: driver.version: FirefoxDriver]]>
            </message>
            <full-stacktrace>
              <![CDATA[org.openqa.selenium.WebDriverException: Failed to connect to binary FirefoxBinary(C:\Program Files (x86)\Mozilla Firefox\firefox.exe) on port 7055; process output follows: 
\fxdriver@googlecode.com","installDate":1456141756304,"updateDate":1456141756304,"applyBackgroundUpdates":1,"bootstrap":false,"size":8234871,"sourceURI":null,"releaseNotesURI":null,"softDisabled":false,"foreignInstall":true,"hasBinaryComponents":true,"strictCompatibility":false,"locales":[],"targetApplications":[{"id":"{ec8030f7-c20a-464f-9b0e-13a3a9e97384}","minVersion":"3.0","maxVersion":"66.*"}],"targetPlatforms":[{"os":"Darwin","abi":null},{"os":"SunOS","abi":null},{"os":"FreeBSD","abi":null},{"os":"OpenBSD","abi":null},{"os":"WINNT","abi":"x86-msvc"},{"os":"Linux","abi":null}],"multiprocessCompatible":false,"signedState":0}
1456141760651	addons.xpi	DEBUG	Updating XPIState for {"id":"{972ce4c6-7e08-4474-a285-3208198ce6fd}","syncGUID":"LdXmkYWDl4Nz","location":"app-global","version":"44.0.2","type":"theme","internalName":"classic/1.0","updateURL":null,"updateKey":null,"optionsURL":null,"optionsType":null,"aboutURL":null,"icons":{"32":"icon.png","48":"icon.png"},"iconURL":null,"icon64URL":null,"defaultLocale":{"name":"Default","description":"The default theme.","creator":"Mozilla","homepageURL":null,"contributors":["Mozilla Contributors"]},"visible":true,"active":true,"userDisabled":false,"appDisabled":false,"descriptor":"C:\\Program Files (x86)\\Mozilla Firefox\\browser\\extensions\\{972ce4c6-7e08-4474-a285-3208198ce6fd}","installDate":1455521149861,"updateDate":1455521149861,"applyBackgroundUpdates":1,"skinnable":true,"size":24172,"sourceURI":null,"releaseNotesURI":null,"softDisabled":false,"foreignInstall":false,"hasBinaryComponents":false,"strictCompatibility":true,"locales":[],"targetApplications":[{"id":"{ec8030f7-c20a-464f-9b0e-13a3a9e97384}","minVersion":"44.0.2","maxVersion":"44.0.2"}],"targetPlatforms":[]}
1456141760651	addons.xpi	DEBUG	getModTime: Recursive scan of {972ce4c6-7e08-4474-a285-3208198ce6fd}
1456141760653	DeferredSave.extensions.json	DEBUG	Save changes
1456141760654	addons.xpi	DEBUG	Updating database with changes to installed add-ons
1456141760654	addons.xpi-utils	DEBUG	Updating add-on states
1456141760657	addons.xpi-utils	DEBUG	Writing add-ons list
1456141760666	addons.manager	DEBUG	Registering shutdown blocker for XPIProvider
1456141760666	addons.manager	DEBUG	Provider finished startup: XPIProvider
1456141760667	addons.manager	DEBUG	Starting provider: LightweightThemeManager
1456141760667	addons.manager	DEBUG	Registering shutdown blocker for LightweightThemeManager
1456141760667	addons.manager	DEBUG	Provider finished startup: LightweightThemeManager
1456141760667	addons.manager	DEBUG	Starting provider: GMPProvider
1456141760673	addons.manager	DEBUG	Registering shutdown blocker for GMPProvider
1456141760674	addons.manager	DEBUG	Provider finished startup: GMPProvider
1456141760674	addons.manager	DEBUG	Starting provider: PluginProvider
1456141760674	addons.manager	DEBUG	Registering shutdown blocker for PluginProvider
1456141760674	addons.manager	DEBUG	Provider finished startup: PluginProvider
1456141760674	addons.manager	DEBUG	Completed startup sequence
1456141762061	addons.manager	DEBUG	Starting provider: <unnamed-provider>
1456141762062	addons.manager	DEBUG	Registering shutdown blocker for <unnamed-provider>
1456141762063	addons.manager	DEBUG	Provider finished startup: <unnamed-provider>
1456141762364	DeferredSave.extensions.json	DEBUG	Starting write
1456141762915	addons.repository	DEBUG	No addons.json found.
1456141762915	DeferredSave.addons.json	DEBUG	Save changes
1456141762930	DeferredSave.addons.json	DEBUG	Starting timer
1456141762944	addons.manager	DEBUG	Starting provider: PreviousExperimentProvider
1456141762945	addons.manager	DEBUG	Registering shutdown blocker for PreviousExperimentProvider
1456141762945	addons.manager	DEBUG	Provider finished startup: PreviousExperimentProvider
1456141762949	DeferredSave.extensions.json	DEBUG	Write succeeded
1456141762949	addons.xpi-utils	DEBUG	XPI Database saved, setting schema version preference to 17
1456141762984	DeferredSave.addons.json	DEBUG	Starting write
1456141762994	DeferredSave.addons.json	DEBUG	Write succeeded

Build info: version: '2.47.1', revision: 'unknown', time: '2015-07-30 11:02:44'
System info: host: 'AMK53S-26', ip: '192.168.5.59', os.name: 'Windows 7', os.arch: 'amd64', os.version: '6.1', java.version: '1.8.0_45'
Driver info: driver.version: FirefoxDriver
	at org.openqa.selenium.firefox.internal.NewProfileExtensionConnection.start(NewProfileExtensionConnection.java:134)
	at org.openqa.selenium.firefox.FirefoxDriver.startClient(FirefoxDriver.java:276)
	at org.openqa.selenium.remote.RemoteWebDriver.<init>(RemoteWebDriver.java:116)
	at org.openqa.selenium.firefox.FirefoxDriver.<init>(FirefoxDriver.java:221)
	at org.openqa.selenium.firefox.FirefoxDriver.<init>(FirefoxDriver.java:216)
	at org.openqa.selenium.firefox.FirefoxDriver.<init>(FirefoxDriver.java:212)
	at org.openqa.selenium.firefox.FirefoxDriver.<init>(FirefoxDriver.java:125)
	at Maven.TestNG.Login_inMaven.beforeMethod(Login_inMaven.java:86)
	at sun.reflect.NativeMethodAccessorImpl.invoke0(Native Method)
	at sun.reflect.NativeMethodAccessorImpl.invoke(NativeMethodAccessorImpl.java:62)
	at sun.reflect.DelegatingMethodAccessorImpl.invoke(DelegatingMethodAccessorImpl.java:43)
	at java.lang.reflect.Method.invoke(Method.java:497)
	at org.testng.internal.MethodInvocationHelper.invokeMethod(MethodInvocationHelper.java:85)
	at org.testng.internal.Invoker.invokeConfigurationMethod(Invoker.java:510)
	at org.testng.internal.Invoker.invokeConfigurations(Invoker.java:211)
	at org.testng.internal.Invoker.invokeMethod(Invoker.java:585)
	at org.testng.internal.Invoker.invokeTestMethod(Invoker.java:821)
	at org.testng.internal.Invoker.invokeTestMethods(Invoker.java:1131)
	at org.testng.internal.TestMethodWorker.invokeTestMethods(TestMethodWorker.java:124)
	at org.testng.internal.TestMethodWorker.run(TestMethodWorker.java:108)
	at org.testng.TestRunner.privateRun(TestRunner.java:773)
	at org.testng.TestRunner.run(TestRunner.java:623)
	at org.testng.SuiteRunner.runTest(SuiteRunner.java:357)
	at org.testng.SuiteRunner.runSequentially(SuiteRunner.java:352)
	at org.testng.SuiteRunner.privateRun(SuiteRunner.java:310)
	at org.testng.SuiteRunner.run(SuiteRunner.java:259)
	at org.testng.SuiteRunnerWorker.runSuite(SuiteRunnerWorker.java:52)
	at org.testng.SuiteRunnerWorker.run(SuiteRunnerWorker.java:86)
	at org.testng.TestNG.runSuitesSequentially(TestNG.java:1185)
	at org.testng.TestNG.runSuitesLocally(TestNG.java:1110)
	at org.testng.TestNG.run(TestNG.java:1018)
	at org.apache.maven.surefire.testng.TestNGExecutor.run(TestNGExecutor.java:295)
	at org.apache.maven.surefire.testng.TestNGXmlTestSuite.execute(TestNGXmlTestSuite.java:84)
	at org.apache.maven.surefire.testng.TestNGProvider.invoke(TestNGProvider.java:90)
	at org.apache.maven.surefire.booter.ForkedBooter.invokeProviderInSameClassLoader(ForkedBooter.java:203)
	at org.apache.maven.surefire.booter.ForkedBooter.runSuitesInProcess(ForkedBooter.java:155)
	at org.apache.maven.surefire.booter.ForkedBooter.main(ForkedBooter.java:103)
Caused by: org.openqa.selenium.firefox.NotConnectedException: Unable to connect to host 127.0.0.1 on port 7055 after 45000 ms. Firefox console output:
\fxdriver@googlecode.com","installDate":1456141756304,"updateDate":1456141756304,"applyBackgroundUpdates":1,"bootstrap":false,"size":8234871,"sourceURI":null,"releaseNotesURI":null,"softDisabled":false,"foreignInstall":true,"hasBinaryComponents":true,"strictCompatibility":false,"locales":[],"targetApplications":[{"id":"{ec8030f7-c20a-464f-9b0e-13a3a9e97384}","minVersion":"3.0","maxVersion":"66.*"}],"targetPlatforms":[{"os":"Darwin","abi":null},{"os":"SunOS","abi":null},{"os":"FreeBSD","abi":null},{"os":"OpenBSD","abi":null},{"os":"WINNT","abi":"x86-msvc"},{"os":"Linux","abi":null}],"multiprocessCompatible":false,"signedState":0}
1456141760651	addons.xpi	DEBUG	Updating XPIState for {"id":"{972ce4c6-7e08-4474-a285-3208198ce6fd}","syncGUID":"LdXmkYWDl4Nz","location":"app-global","version":"44.0.2","type":"theme","internalName":"classic/1.0","updateURL":null,"updateKey":null,"optionsURL":null,"optionsType":null,"aboutURL":null,"icons":{"32":"icon.png","48":"icon.png"},"iconURL":null,"icon64URL":null,"defaultLocale":{"name":"Default","description":"The default theme.","creator":"Mozilla","homepageURL":null,"contributors":["Mozilla Contributors"]},"visible":true,"active":true,"userDisabled":false,"appDisabled":false,"descriptor":"C:\\Program Files (x86)\\Mozilla Firefox\\browser\\extensions\\{972ce4c6-7e08-4474-a285-3208198ce6fd}","installDate":1455521149861,"updateDate":1455521149861,"applyBackgroundUpdates":1,"skinnable":true,"size":24172,"sourceURI":null,"releaseNotesURI":null,"softDisabled":false,"foreignInstall":false,"hasBinaryComponents":false,"strictCompatibility":true,"locales":[],"targetApplications":[{"id":"{ec8030f7-c20a-464f-9b0e-13a3a9e97384}","minVersion":"44.0.2","maxVersion":"44.0.2"}],"targetPlatforms":[]}
1456141760651	addons.xpi	DEBUG	getModTime: Recursive scan of {972ce4c6-7e08-4474-a285-3208198ce6fd}
1456141760653	DeferredSave.extensions.json	DEBUG	Save changes
1456141760654	addons.xpi	DEBUG	Updating database with changes to installed add-ons
1456141760654	addons.xpi-utils	DEBUG	Updating add-on states
1456141760657	addons.xpi-utils	DEBUG	Writing add-ons list
1456141760666	addons.manager	DEBUG	Registering shutdown blocker for XPIProvider
1456141760666	addons.manager	DEBUG	Provider finished startup: XPIProvider
1456141760667	addons.manager	DEBUG	Starting provider: LightweightThemeManager
1456141760667	addons.manager	DEBUG	Registering shutdown blocker for LightweightThemeManager
1456141760667	addons.manager	DEBUG	Provider finished startup: LightweightThemeManager
1456141760667	addons.manager	DEBUG	Starting provider: GMPProvider
1456141760673	addons.manager	DEBUG	Registering shutdown blocker for GMPProvider
1456141760674	addons.manager	DEBUG	Provider finished startup: GMPProvider
1456141760674	addons.manager	DEBUG	Starting provider: PluginProvider
1456141760674	addons.manager	DEBUG	Registering shutdown blocker for PluginProvider
1456141760674	addons.manager	DEBUG	Provider finished startup: PluginProvider
1456141760674	addons.manager	DEBUG	Completed startup sequence
1456141762061	addons.manager	DEBUG	Starting provider: <unnamed-provider>
1456141762062	addons.manager	DEBUG	Registering shutdown blocker for <unnamed-provider>
1456141762063	addons.manager	DEBUG	Provider finished startup: <unnamed-provider>
1456141762364	DeferredSave.extensions.json	DEBUG	Starting write
1456141762915	addons.repository	DEBUG	No addons.json found.
1456141762915	DeferredSave.addons.json	DEBUG	Save changes
1456141762930	DeferredSave.addons.json	DEBUG	Starting timer
1456141762944	addons.manager	DEBUG	Starting provider: PreviousExperimentProvider
1456141762945	addons.manager	DEBUG	Registering shutdown blocker for PreviousExperimentProvider
1456141762945	addons.manager	DEBUG	Provider finished startup: PreviousExperimentProvider
1456141762949	DeferredSave.extensions.json	DEBUG	Write succeeded
1456141762949	addons.xpi-utils	DEBUG	XPI Database saved, setting schema version preference to 17
1456141762984	DeferredSave.addons.json	DEBUG	Starting write
1456141762994	DeferredSave.addons.json	DEBUG	Write succeeded

	at org.openqa.selenium.firefox.internal.NewProfileExtensionConnection.start(NewProfileExtensionConnection.java:122)
	... 36 more
]]>
            </full-stacktrace>
          </exception> <!-- org.openqa.selenium.WebDriverException -->
          <reporter-output>
          </reporter-output>
        </test-method> <!-- beforeMethod -->
        <test-method status="SKIP" signature="Login_Invalid(java.lang.String, java.lang.String)[pri:0, instance:Maven.TestNG.Login_inMaven@7f63425a]" name="Login_Invalid" duration-ms="1" started-at="2016-02-22T18:50:04Z" data-provider="userdata" finished-at="2016-02-22T18:50:04Z">
          <params>
            <param index="0">
              <value>
                <![CDATA[]]>
              </value>
            </param>
            <param index="1">
              <value>
                <![CDATA[b]]>
              </value>
            </param>
          </params>
          <reporter-output>
          </reporter-output>
        </test-method> <!-- Login_Invalid -->
        <test-method status="SKIP" signature="beforeMethod()[pri:0, instance:Maven.TestNG.Login_inMaven@7f63425a]" name="beforeMethod" is-config="true" duration-ms="0" started-at="2016-02-22T18:50:04Z" finished-at="2016-02-22T18:50:04Z">
          <reporter-output>
          </reporter-output>
        </test-method> <!-- beforeMethod -->
        <test-method status="SKIP" signature="afterMethod()[pri:0, instance:Maven.TestNG.Login_inMaven@7f63425a]" name="afterMethod" is-config="true" duration-ms="0" started-at="2016-02-22T18:50:04Z" finished-at="2016-02-22T18:50:04Z">
          <reporter-output>
          </reporter-output>
        </test-method> <!-- afterMethod -->
        <test-method status="SKIP" signature="Login_Invalid(java.lang.String, java.lang.String)[pri:0, instance:Maven.TestNG.Login_inMaven@7f63425a]" name="Login_Invalid" duration-ms="0" started-at="2016-02-22T18:50:04Z" data-provider="userdata" finished-at="2016-02-22T18:50:04Z">
          <params>
            <param index="0">
              <value>
                <![CDATA[c]]>
              </value>
            </param>
            <param index="1">
              <value>
                <![CDATA[]]>
              </value>
            </param>
          </params>
          <reporter-output>
          </reporter-output>
        </test-method> <!-- Login_Invalid -->
        <test-method status="SKIP" signature="afterMethod()[pri:0, instance:Maven.TestNG.Login_inMaven@7f63425a]" name="afterMethod" is-config="true" duration-ms="0" started-at="2016-02-22T18:50:04Z" finished-at="2016-02-22T18:50:04Z">
          <reporter-output>
          </reporter-output>
        </test-method> <!-- afterMethod -->
        <test-method status="SKIP" signature="beforeMethod()[pri:0, instance:Maven.TestNG.Login_inMaven@7f63425a]" name="beforeMethod" is-config="true" duration-ms="0" started-at="2016-02-22T18:50:04Z" finished-at="2016-02-22T18:50:04Z">
          <reporter-output>
          </reporter-output>
        </test-method> <!-- beforeMethod -->
        <test-method status="SKIP" signature="Login_Invalid(java.lang.String, java.lang.String)[pri:0, instance:Maven.TestNG.Login_inMaven@7f63425a]" name="Login_Invalid" duration-ms="0" started-at="2016-02-22T18:50:04Z" data-provider="userdata" finished-at="2016-02-22T18:50:04Z">
          <params>
            <param index="0">
              <value>
                <![CDATA[!@#$%]]>
              </value>
            </param>
            <param index="1">
              <value>
                <![CDATA[   ]]>
              </value>
            </param>
          </params>
          <reporter-output>
          </reporter-output>
        </test-method> <!-- Login_Invalid -->
        <test-method status="SKIP" signature="beforeMethod()[pri:0, instance:Maven.TestNG.Login_inMaven@7f63425a]" name="beforeMethod" is-config="true" duration-ms="0" started-at="2016-02-22T18:50:04Z" finished-at="2016-02-22T18:50:04Z">
          <reporter-output>
          </reporter-output>
        </test-method> <!-- beforeMethod -->
        <test-method status="SKIP" signature="afterMethod()[pri:0, instance:Maven.TestNG.Login_inMaven@7f63425a]" name="afterMethod" is-config="true" duration-ms="0" started-at="2016-02-22T18:50:04Z" finished-at="2016-02-22T18:50:04Z">
          <reporter-output>
          </reporter-output>
        </test-method> <!-- afterMethod -->
        <test-method status="SKIP" signature="Login_Invalid(java.lang.String, java.lang.String)[pri:0, instance:Maven.TestNG.Login_inMaven@7f63425a]" name="Login_Invalid" duration-ms="0" started-at="2016-02-22T18:50:04Z" data-provider="userdata" finished-at="2016-02-22T18:50:04Z">
          <params>
            <param index="0">
              <value>
                <![CDATA[]]>
              </value>
            </param>
            <param index="1">
              <value>
                <![CDATA[]]>
              </value>
            </param>
          </params>
          <reporter-output>
          </reporter-output>
        </test-method> <!-- Login_Invalid -->
        <test-method status="SKIP" signature="afterMethod()[pri:0, instance:Maven.TestNG.Login_inMaven@7f63425a]" name="afterMethod" is-config="true" duration-ms="0" started-at="2016-02-22T18:50:04Z" finished-at="2016-02-22T18:50:04Z">
          <reporter-output>
          </reporter-output>
        </test-method> <!-- afterMethod -->
        <test-method status="SKIP" signature="beforeMethod()[pri:0, instance:Maven.TestNG.Login_inMaven@7f63425a]" name="beforeMethod" is-config="true" duration-ms="0" started-at="2016-02-22T18:50:04Z" finished-at="2016-02-22T18:50:04Z">
          <reporter-output>
          </reporter-output>
        </test-method> <!-- beforeMethod -->
        <test-method status="SKIP" signature="Login_Valid()[pri:0, instance:Maven.TestNG.Login_inMaven@7f63425a]" name="Login_Valid" duration-ms="0" started-at="2016-02-22T18:50:04Z" finished-at="2016-02-22T18:50:04Z">
          <reporter-output>
          </reporter-output>
        </test-method> <!-- Login_Valid -->
        <test-method status="SKIP" signature="afterMethod()[pri:0, instance:Maven.TestNG.Login_inMaven@7f63425a]" name="afterMethod" is-config="true" duration-ms="0" started-at="2016-02-22T18:50:04Z" finished-at="2016-02-22T18:50:04Z">
          <reporter-output>
          </reporter-output>
        </test-method> <!-- afterMethod -->
        <test-method status="SKIP" signature="beforeMethod()[pri:0, instance:Maven.TestNG.Login_inMaven@7f63425a]" name="beforeMethod" is-config="true" duration-ms="0" started-at="2016-02-22T18:50:04Z" finished-at="2016-02-22T18:50:04Z">
          <reporter-output>
          </reporter-output>
        </test-method> <!-- beforeMethod -->
        <test-method status="SKIP" signature="Forgot_password()[pri:0, instance:Maven.TestNG.Login_inMaven@7f63425a]" name="Forgot_password" duration-ms="0" started-at="2016-02-22T18:50:04Z" finished-at="2016-02-22T18:50:04Z">
          <reporter-output>
          </reporter-output>
        </test-method> <!-- Forgot_password -->
        <test-method status="SKIP" signature="afterMethod()[pri:0, instance:Maven.TestNG.Login_inMaven@7f63425a]" name="afterMethod" is-config="true" duration-ms="0" started-at="2016-02-22T18:50:04Z" finished-at="2016-02-22T18:50:04Z">
          <reporter-output>
          </reporter-output>
        </test-method> <!-- afterMethod -->
      </class> <!-- Maven.TestNG.Login_inMaven -->
    </test> <!-- TestNG ne -->
  </suite> <!-- Group of group suite -->
  <suite name="Parallel tests" duration-ms="19" started-at="2016-02-22T11:50:04Z" finished-at="2016-02-22T11:50:04Z">
    <groups>
    </groups>
    <test name="Test One" duration-ms="19" started-at="2016-02-22T11:50:04Z" finished-at="2016-02-22T11:50:04Z">
      <class name="Maven.TestNG.ParallelSuiteTest">
        <test-method status="PASS" signature="beforeTest(java.lang.String)[pri:0, instance:Maven.TestNG.ParallelSuiteTest@3cda1055]" name="beforeTest" is-config="true" duration-ms="4" started-at="2016-02-22T18:50:04Z" finished-at="2016-02-22T18:50:04Z">
          <params>
            <param index="0">
              <value>
                <![CDATA[Test One]]>
              </value>
            </param>
          </params>
          <reporter-output>
          </reporter-output>
        </test-method> <!-- beforeTest -->
        <test-method status="PASS" signature="beforeClass()[pri:0, instance:Maven.TestNG.ParallelSuiteTest@3cda1055]" name="beforeClass" is-config="true" duration-ms="3" started-at="2016-02-22T18:50:04Z" finished-at="2016-02-22T18:50:04Z">
          <reporter-output>
          </reporter-output>
        </test-method> <!-- beforeClass -->
        <test-method status="PASS" signature="testMethodOne()[pri:0, instance:Maven.TestNG.ParallelSuiteTest@3cda1055]" name="testMethodOne" duration-ms="2" started-at="2016-02-22T18:50:04Z" finished-at="2016-02-22T18:50:04Z">
          <reporter-output>
          </reporter-output>
        </test-method> <!-- testMethodOne -->
        <test-method status="PASS" signature="afterClass()[pri:0, instance:Maven.TestNG.ParallelSuiteTest@3cda1055]" name="afterClass" is-config="true" duration-ms="0" started-at="2016-02-22T18:50:04Z" finished-at="2016-02-22T18:50:04Z">
          <reporter-output>
          </reporter-output>
        </test-method> <!-- afterClass -->
        <test-method status="PASS" signature="afterTest()[pri:0, instance:Maven.TestNG.ParallelSuiteTest@3cda1055]" name="afterTest" is-config="true" duration-ms="2" started-at="2016-02-22T18:50:04Z" finished-at="2016-02-22T18:50:04Z">
          <reporter-output>
          </reporter-output>
        </test-method> <!-- afterTest -->
      </class> <!-- Maven.TestNG.ParallelSuiteTest -->
    </test> <!-- Test One -->
    <test name="Test Two" duration-ms="11" started-at="2016-02-22T11:50:04Z" finished-at="2016-02-22T11:50:04Z">
      <class name="Maven.TestNG.ParallelSuiteTest">
        <test-method status="PASS" signature="beforeTest(java.lang.String)[pri:0, instance:Maven.TestNG.ParallelSuiteTest@2ed94a8b]" name="beforeTest" is-config="true" duration-ms="4" started-at="2016-02-22T18:50:04Z" finished-at="2016-02-22T18:50:04Z">
          <params>
            <param index="0">
              <value>
                <![CDATA[Test Two]]>
              </value>
            </param>
          </params>
          <reporter-output>
          </reporter-output>
        </test-method> <!-- beforeTest -->
        <test-method status="PASS" signature="beforeClass()[pri:0, instance:Maven.TestNG.ParallelSuiteTest@2ed94a8b]" name="beforeClass" is-config="true" duration-ms="0" started-at="2016-02-22T18:50:04Z" finished-at="2016-02-22T18:50:04Z">
          <reporter-output>
          </reporter-output>
        </test-method> <!-- beforeClass -->
        <test-method status="PASS" signature="testMethodOne()[pri:0, instance:Maven.TestNG.ParallelSuiteTest@2ed94a8b]" name="testMethodOne" duration-ms="2" started-at="2016-02-22T18:50:04Z" finished-at="2016-02-22T18:50:04Z">
          <reporter-output>
          </reporter-output>
        </test-method> <!-- testMethodOne -->
        <test-method status="PASS" signature="afterClass()[pri:0, instance:Maven.TestNG.ParallelSuiteTest@2ed94a8b]" name="afterClass" is-config="true" duration-ms="1" started-at="2016-02-22T18:50:04Z" finished-at="2016-02-22T18:50:04Z">
          <reporter-output>
          </reporter-output>
        </test-method> <!-- afterClass -->
        <test-method status="PASS" signature="afterTest()[pri:0, instance:Maven.TestNG.ParallelSuiteTest@2ed94a8b]" name="afterTest" is-config="true" duration-ms="1" started-at="2016-02-22T18:50:04Z" finished-at="2016-02-22T18:50:04Z">
          <reporter-output>
          </reporter-output>
        </test-method> <!-- afterTest -->
      </class> <!-- Maven.TestNG.ParallelSuiteTest -->
    </test> <!-- Test Two -->
  </suite> <!-- Parallel tests -->
</testng-results>
