<?xml version="1.0" encoding="UTF-8"?>
<testsuite name="TestSuite" time="50.267" tests="20" errors="0" skipped="17" failures="1">
  <properties>
    <property name="java.runtime.name" value="Java(TM) SE Runtime Environment"/>
    <property name="sun.boot.library.path" value="C:\Program Files\Java\jdk1.8.0_45\jre\bin"/>
    <property name="java.vm.version" value="25.45-b02"/>
    <property name="java.vm.vendor" value="Oracle Corporation"/>
    <property name="maven.multiModuleProjectDirectory" value="F:\Selenium\SelProjects\Maven_TestNG"/>
    <property name="java.vendor.url" value="http://java.oracle.com/"/>
    <property name="path.separator" value=";"/>
    <property name="guice.disable.misplaced.annotation.check" value="true"/>
    <property name="java.vm.name" value="Java HotSpot(TM) 64-Bit Server VM"/>
    <property name="file.encoding.pkg" value="sun.io"/>
    <property name="user.script" value=""/>
    <property name="user.country" value="US"/>
    <property name="sun.java.launcher" value="SUN_STANDARD"/>
    <property name="sun.os.patch.level" value="Service Pack 1"/>
    <property name="java.vm.specification.name" value="Java Virtual Machine Specification"/>
    <property name="user.dir" value="F:\Selenium\SelProjects\Maven_TestNG"/>
    <property name="java.runtime.version" value="1.8.0_45-b15"/>
    <property name="java.awt.graphicsenv" value="sun.awt.Win32GraphicsEnvironment"/>
    <property name="java.endorsed.dirs" value="C:\Program Files\Java\jdk1.8.0_45\jre\lib\endorsed"/>
    <property name="os.arch" value="amd64"/>
    <property name="java.io.tmpdir" value="C:\Users\THINHL~1\AppData\Local\Temp\"/>
    <property name="line.separator" value="&#10;"/>
    <property name="java.vm.specification.vendor" value="Oracle Corporation"/>
    <property name="user.variant" value=""/>
    <property name="os.name" value="Windows 7"/>
    <property name="classworlds.conf" value="C:\apache-maven-3.3.3\bin\..\bin\m2.conf"/>
    <property name="sun.jnu.encoding" value="Cp1252"/>
    <property name="java.library.path" value="C:\Program Files\Java\jdk1.8.0_45\bin;C:\Windows\Sun\Java\bin;C:\Windows\system32;C:\Windows;C:\ProgramData\Oracle\Java\javapath;C:\Windows\system32;C:\Windows;C:\Windows\System32\Wbem;C:\Windows\System32\WindowsPowerShell\v1.0\;C:\xampp\php;C:\ProgramData\ComposerSetup\bin;C:\apache-maven-3.3.3\bin;C:\Program Files (x86)\Windows Kits\8.1\Windows Performance Toolkit\;C:\Program Files\Microsoft SQL Server\110\Tools\Binn\;C:\Program Files (x86)\MySQL\MySQL Fabric 1.5 &amp; MySQL Utilities 1.5\;C:\Program Files (x86)\MySQL\MySQL Fabric 1.5 &amp; MySQL Utilities 1.5\Doctrine extensions for PHP\;C:\Program Files (x86)\Skype\Phone\;.;;."/>
    <property name="java.specification.name" value="Java Platform API Specification"/>
    <property name="java.class.version" value="52.0"/>
    <property name="sun.management.compiler" value="HotSpot 64-Bit Tiered Compilers"/>
    <property name="os.version" value="6.1"/>
    <property name="user.home" value="C:\Users\Thinh Luong"/>
    <property name="user.timezone" value="Asia/Bangkok"/>
    <property name="java.awt.printerjob" value="sun.awt.windows.WPrinterJob"/>
    <property name="java.specification.version" value="1.8"/>
    <property name="file.encoding" value="Cp1252"/>
    <property name="user.name" value="Thinh Luong"/>
    <property name="java.class.path" value="C:\apache-maven-3.3.3\bin\..\boot\plexus-classworlds-2.5.2.jar"/>
    <property name="java.vm.specification.version" value="1.8"/>
    <property name="sun.arch.data.model" value="64"/>
    <property name="java.home" value="C:\Program Files\Java\jdk1.8.0_45\jre"/>
    <property name="sun.java.command" value="org.codehaus.plexus.classworlds.launcher.Launcher test"/>
    <property name="java.specification.vendor" value="Oracle Corporation"/>
    <property name="user.language" value="en"/>
    <property name="awt.toolkit" value="sun.awt.windows.WToolkit"/>
    <property name="java.vm.info" value="mixed mode"/>
    <property name="java.version" value="1.8.0_45"/>
    <property name="java.ext.dirs" value="C:\Program Files\Java\jdk1.8.0_45\jre\lib\ext;C:\Windows\Sun\Java\lib\ext"/>
    <property name="sun.boot.class.path" value="C:\Program Files\Java\jdk1.8.0_45\jre\lib\resources.jar;C:\Program Files\Java\jdk1.8.0_45\jre\lib\rt.jar;C:\Program Files\Java\jdk1.8.0_45\jre\lib\sunrsasign.jar;C:\Program Files\Java\jdk1.8.0_45\jre\lib\jsse.jar;C:\Program Files\Java\jdk1.8.0_45\jre\lib\jce.jar;C:\Program Files\Java\jdk1.8.0_45\jre\lib\charsets.jar;C:\Program Files\Java\jdk1.8.0_45\jre\lib\jfr.jar;C:\Program Files\Java\jdk1.8.0_45\jre\classes"/>
    <property name="sun.stderr.encoding" value="cp437"/>
    <property name="java.vendor" value="Oracle Corporation"/>
    <property name="maven.home" value="C:\apache-maven-3.3.3\bin\.."/>
    <property name="file.separator" value="\"/>
    <property name="java.vendor.url.bug" value="http://bugreport.sun.com/bugreport/"/>
    <property name="sun.cpu.endian" value="little"/>
    <property name="sun.io.unicode.encoding" value="UnicodeLittle"/>
    <property name="sun.stdout.encoding" value="cp437"/>
    <property name="sun.desktop" value="windows"/>
    <property name="sun.cpu.isalist" value="amd64"/>
  </properties>
  <testcase name="beforeMethod" classname="Maven.TestNG.Login_inMaven" time="50.263">
    <failure message="Failed to connect to binary FirefoxBinary(C:\Program Files (x86)\Mozilla Firefox\firefox.exe) on port 7055; process output follows: &#10;\fxdriver@googlecode.com&quot;,&quot;installDate&quot;:1456141756304,&quot;updateDate&quot;:1456141756304,&quot;applyBackgroundUpdates&quot;:1,&quot;bootstrap&quot;:false,&quot;size&quot;:8234871,&quot;sourceURI&quot;:null,&quot;releaseNotesURI&quot;:null,&quot;softDisabled&quot;:false,&quot;foreignInstall&quot;:true,&quot;hasBinaryComponents&quot;:true,&quot;strictCompatibility&quot;:false,&quot;locales&quot;:[],&quot;targetApplications&quot;:[{&quot;id&quot;:&quot;{ec8030f7-c20a-464f-9b0e-13a3a9e97384}&quot;,&quot;minVersion&quot;:&quot;3.0&quot;,&quot;maxVersion&quot;:&quot;66.*&quot;}],&quot;targetPlatforms&quot;:[{&quot;os&quot;:&quot;Darwin&quot;,&quot;abi&quot;:null},{&quot;os&quot;:&quot;SunOS&quot;,&quot;abi&quot;:null},{&quot;os&quot;:&quot;FreeBSD&quot;,&quot;abi&quot;:null},{&quot;os&quot;:&quot;OpenBSD&quot;,&quot;abi&quot;:null},{&quot;os&quot;:&quot;WINNT&quot;,&quot;abi&quot;:&quot;x86-msvc&quot;},{&quot;os&quot;:&quot;Linux&quot;,&quot;abi&quot;:null}],&quot;multiprocessCompatible&quot;:false,&quot;signedState&quot;:0}&#10;1456141760651	addons.xpi	DEBUG	Updating XPIState for {&quot;id&quot;:&quot;{972ce4c6-7e08-4474-a285-3208198ce6fd}&quot;,&quot;syncGUID&quot;:&quot;LdXmkYWDl4Nz&quot;,&quot;location&quot;:&quot;app-global&quot;,&quot;version&quot;:&quot;44.0.2&quot;,&quot;type&quot;:&quot;theme&quot;,&quot;internalName&quot;:&quot;classic/1.0&quot;,&quot;updateURL&quot;:null,&quot;updateKey&quot;:null,&quot;optionsURL&quot;:null,&quot;optionsType&quot;:null,&quot;aboutURL&quot;:null,&quot;icons&quot;:{&quot;32&quot;:&quot;icon.png&quot;,&quot;48&quot;:&quot;icon.png&quot;},&quot;iconURL&quot;:null,&quot;icon64URL&quot;:null,&quot;defaultLocale&quot;:{&quot;name&quot;:&quot;Default&quot;,&quot;description&quot;:&quot;The default theme.&quot;,&quot;creator&quot;:&quot;Mozilla&quot;,&quot;homepageURL&quot;:null,&quot;contributors&quot;:[&quot;Mozilla Contributors&quot;]},&quot;visible&quot;:true,&quot;active&quot;:true,&quot;userDisabled&quot;:false,&quot;appDisabled&quot;:false,&quot;descriptor&quot;:&quot;C:\\Program Files (x86)\\Mozilla Firefox\\browser\\extensions\\{972ce4c6-7e08-4474-a285-3208198ce6fd}&quot;,&quot;installDate&quot;:1455521149861,&quot;updateDate&quot;:1455521149861,&quot;applyBackgroundUpdates&quot;:1,&quot;skinnable&quot;:true,&quot;size&quot;:24172,&quot;sourceURI&quot;:null,&quot;releaseNotesURI&quot;:null,&quot;softDisabled&quot;:false,&quot;foreignInstall&quot;:false,&quot;hasBinaryComponents&quot;:false,&quot;strictCompatibility&quot;:true,&quot;locales&quot;:[],&quot;targetApplications&quot;:[{&quot;id&quot;:&quot;{ec8030f7-c20a-464f-9b0e-13a3a9e97384}&quot;,&quot;minVersion&quot;:&quot;44.0.2&quot;,&quot;maxVersion&quot;:&quot;44.0.2&quot;}],&quot;targetPlatforms&quot;:[]}&#10;1456141760651	addons.xpi	DEBUG	getModTime: Recursive scan of {972ce4c6-7e08-4474-a285-3208198ce6fd}&#10;1456141760653	DeferredSave.extensions.json	DEBUG	Save changes&#10;1456141760654	addons.xpi	DEBUG	Updating database with changes to installed add-ons&#10;1456141760654	addons.xpi-utils	DEBUG	Updating add-on states&#10;1456141760657	addons.xpi-utils	DEBUG	Writing add-ons list&#10;1456141760666	addons.manager	DEBUG	Registering shutdown blocker for XPIProvider&#10;1456141760666	addons.manager	DEBUG	Provider finished startup: XPIProvider&#10;1456141760667	addons.manager	DEBUG	Starting provider: LightweightThemeManager&#10;1456141760667	addons.manager	DEBUG	Registering shutdown blocker for LightweightThemeManager&#10;1456141760667	addons.manager	DEBUG	Provider finished startup: LightweightThemeManager&#10;1456141760667	addons.manager	DEBUG	Starting provider: GMPProvider&#10;1456141760673	addons.manager	DEBUG	Registering shutdown blocker for GMPProvider&#10;1456141760674	addons.manager	DEBUG	Provider finished startup: GMPProvider&#10;1456141760674	addons.manager	DEBUG	Starting provider: PluginProvider&#10;1456141760674	addons.manager	DEBUG	Registering shutdown blocker for PluginProvider&#10;1456141760674	addons.manager	DEBUG	Provider finished startup: PluginProvider&#10;1456141760674	addons.manager	DEBUG	Completed startup sequence&#10;1456141762061	addons.manager	DEBUG	Starting provider: &lt;unnamed-provider&gt;&#10;1456141762062	addons.manager	DEBUG	Registering shutdown blocker for &lt;unnamed-provider&gt;&#10;1456141762063	addons.manager	DEBUG	Provider finished startup: &lt;unnamed-provider&gt;&#10;1456141762364	DeferredSave.extensions.json	DEBUG	Starting write&#10;1456141762915	addons.repository	DEBUG	No addons.json found.&#10;1456141762915	DeferredSave.addons.json	DEBUG	Save changes&#10;1456141762930	DeferredSave.addons.json	DEBUG	Starting timer&#10;1456141762944	addons.manager	DEBUG	Starting provider: PreviousExperimentProvider&#10;1456141762945	addons.manager	DEBUG	Registering shutdown blocker for PreviousExperimentProvider&#10;1456141762945	addons.manager	DEBUG	Provider finished startup: PreviousExperimentProvider&#10;1456141762949	DeferredSave.extensions.json	DEBUG	Write succeeded&#10;1456141762949	addons.xpi-utils	DEBUG	XPI Database saved, setting schema version preference to 17&#10;1456141762984	DeferredSave.addons.json	DEBUG	Starting write&#10;1456141762994	DeferredSave.addons.json	DEBUG	Write succeeded&#10;&#10;Build info: version: &apos;2.47.1&apos;, revision: &apos;unknown&apos;, time: &apos;2015-07-30 11:02:44&apos;&#10;System info: host: &apos;AMK53S-26&apos;, ip: &apos;192.168.5.59&apos;, os.name: &apos;Windows 7&apos;, os.arch: &apos;amd64&apos;, os.version: &apos;6.1&apos;, java.version: &apos;1.8.0_45&apos;&#10;Driver info: driver.version: FirefoxDriver" type="org.openqa.selenium.WebDriverException"><![CDATA[org.openqa.selenium.WebDriverException: Failed to connect to binary FirefoxBinary(C:\Program Files (x86)\Mozilla Firefox\firefox.exe) on port 7055; process output follows: 
\fxdriver@googlecode.com","installDate":1456141756304,"updateDate":1456141756304,"applyBackgroundUpdates":1,"bootstrap":false,"size":8234871,"sourceURI":null,"releaseNotesURI":null,"softDisabled":false,"foreignInstall":true,"hasBinaryComponents":true,"strictCompatibility":false,"locales":[],"targetApplications":[{"id":"{ec8030f7-c20a-464f-9b0e-13a3a9e97384}","minVersion":"3.0","maxVersion":"66.*"}],"targetPlatforms":[{"os":"Darwin","abi":null},{"os":"SunOS","abi":null},{"os":"FreeBSD","abi":null},{"os":"OpenBSD","abi":null},{"os":"WINNT","abi":"x86-msvc"},{"os":"Linux","abi":null}],"multiprocessCompatible":false,"signedState":0}
1456141760651	addons.xpi	DEBUG	Updating XPIState for {"id":"{972ce4c6-7e08-4474-a285-3208198ce6fd}","syncGUID":"LdXmkYWDl4Nz","location":"app-global","version":"44.0.2","type":"theme","internalName":"classic/1.0","updateURL":null,"updateKey":null,"optionsURL":null,"optionsType":null,"aboutURL":null,"icons":{"32":"icon.png","48":"icon.png"},"iconURL":null,"icon64URL":null,"defaultLocale":{"name":"Default","description":"The default theme.","creator":"Mozilla","homepageURL":null,"contributors":["Mozilla Contributors"]},"visible":true,"active":true,"userDisabled":false,"appDisabled":false,"descriptor":"C:\\Program Files (x86)\\Mozilla Firefox\\browser\\extensions\\{972ce4c6-7e08-4474-a285-3208198ce6fd}","installDate":1455521149861,"updateDate":1455521149861,"applyBackgroundUpdates":1,"skinnable":true,"size":24172,"sourceURI":null,"releaseNotesURI":null,"softDisabled":false,"foreignInstall":false,"hasBinaryComponents":false,"strictCompatibility":true,"locales":[],"targetApplications":[{"id":"{ec8030f7-c20a-464f-9b0e-13a3a9e97384}","minVersion":"44.0.2","maxVersion":"44.0.2"}],"targetPlatforms":[]}
1456141760651	addons.xpi	DEBUG	getModTime: Recursive scan of {972ce4c6-7e08-4474-a285-3208198ce6fd}
1456141760653	DeferredSave.extensions.json	DEBUG	Save changes
1456141760654	addons.xpi	DEBUG	Updating database with changes to installed add-ons
1456141760654	addons.xpi-utils	DEBUG	Updating add-on states
1456141760657	addons.xpi-utils	DEBUG	Writing add-ons list
1456141760666	addons.manager	DEBUG	Registering shutdown blocker for XPIProvider
1456141760666	addons.manager	DEBUG	Provider finished startup: XPIProvider
1456141760667	addons.manager	DEBUG	Starting provider: LightweightThemeManager
1456141760667	addons.manager	DEBUG	Registering shutdown blocker for LightweightThemeManager
1456141760667	addons.manager	DEBUG	Provider finished startup: LightweightThemeManager
1456141760667	addons.manager	DEBUG	Starting provider: GMPProvider
1456141760673	addons.manager	DEBUG	Registering shutdown blocker for GMPProvider
1456141760674	addons.manager	DEBUG	Provider finished startup: GMPProvider
1456141760674	addons.manager	DEBUG	Starting provider: PluginProvider
1456141760674	addons.manager	DEBUG	Registering shutdown blocker for PluginProvider
1456141760674	addons.manager	DEBUG	Provider finished startup: PluginProvider
1456141760674	addons.manager	DEBUG	Completed startup sequence
1456141762061	addons.manager	DEBUG	Starting provider: <unnamed-provider>
1456141762062	addons.manager	DEBUG	Registering shutdown blocker for <unnamed-provider>
1456141762063	addons.manager	DEBUG	Provider finished startup: <unnamed-provider>
1456141762364	DeferredSave.extensions.json	DEBUG	Starting write
1456141762915	addons.repository	DEBUG	No addons.json found.
1456141762915	DeferredSave.addons.json	DEBUG	Save changes
1456141762930	DeferredSave.addons.json	DEBUG	Starting timer
1456141762944	addons.manager	DEBUG	Starting provider: PreviousExperimentProvider
1456141762945	addons.manager	DEBUG	Registering shutdown blocker for PreviousExperimentProvider
1456141762945	addons.manager	DEBUG	Provider finished startup: PreviousExperimentProvider
1456141762949	DeferredSave.extensions.json	DEBUG	Write succeeded
1456141762949	addons.xpi-utils	DEBUG	XPI Database saved, setting schema version preference to 17
1456141762984	DeferredSave.addons.json	DEBUG	Starting write
1456141762994	DeferredSave.addons.json	DEBUG	Write succeeded

Build info: version: '2.47.1', revision: 'unknown', time: '2015-07-30 11:02:44'
System info: host: 'AMK53S-26', ip: '192.168.5.59', os.name: 'Windows 7', os.arch: 'amd64', os.version: '6.1', java.version: '1.8.0_45'
Driver info: driver.version: FirefoxDriver
	at org.openqa.selenium.firefox.internal.NewProfileExtensionConnection.start(NewProfileExtensionConnection.java:122)
	at org.openqa.selenium.firefox.FirefoxDriver.startClient(FirefoxDriver.java:276)
	at org.openqa.selenium.remote.RemoteWebDriver.<init>(RemoteWebDriver.java:116)
	at org.openqa.selenium.firefox.FirefoxDriver.<init>(FirefoxDriver.java:221)
	at org.openqa.selenium.firefox.FirefoxDriver.<init>(FirefoxDriver.java:216)
	at org.openqa.selenium.firefox.FirefoxDriver.<init>(FirefoxDriver.java:212)
	at org.openqa.selenium.firefox.FirefoxDriver.<init>(FirefoxDriver.java:125)
	at Maven.TestNG.Login_inMaven.beforeMethod(Login_inMaven.java:86)
]]></failure>
    <system-err><![CDATA[org.openqa.selenium.firefox.NotConnectedException: Unable to connect to host 127.0.0.1 on port 7055 after 45000 ms. Firefox console output:
\fxdriver@googlecode.com","installDate":1456141756304,"updateDate":1456141756304,"applyBackgroundUpdates":1,"bootstrap":false,"size":8234871,"sourceURI":null,"releaseNotesURI":null,"softDisabled":false,"foreignInstall":true,"hasBinaryComponents":true,"strictCompatibility":false,"locales":[],"targetApplications":[{"id":"{ec8030f7-c20a-464f-9b0e-13a3a9e97384}","minVersion":"3.0","maxVersion":"66.*"}],"targetPlatforms":[{"os":"Darwin","abi":null},{"os":"SunOS","abi":null},{"os":"FreeBSD","abi":null},{"os":"OpenBSD","abi":null},{"os":"WINNT","abi":"x86-msvc"},{"os":"Linux","abi":null}],"multiprocessCompatible":false,"signedState":0}
1456141760651	addons.xpi	DEBUG	Updating XPIState for {"id":"{972ce4c6-7e08-4474-a285-3208198ce6fd}","syncGUID":"LdXmkYWDl4Nz","location":"app-global","version":"44.0.2","type":"theme","internalName":"classic/1.0","updateURL":null,"updateKey":null,"optionsURL":null,"optionsType":null,"aboutURL":null,"icons":{"32":"icon.png","48":"icon.png"},"iconURL":null,"icon64URL":null,"defaultLocale":{"name":"Default","description":"The default theme.","creator":"Mozilla","homepageURL":null,"contributors":["Mozilla Contributors"]},"visible":true,"active":true,"userDisabled":false,"appDisabled":false,"descriptor":"C:\\Program Files (x86)\\Mozilla Firefox\\browser\\extensions\\{972ce4c6-7e08-4474-a285-3208198ce6fd}","installDate":1455521149861,"updateDate":1455521149861,"applyBackgroundUpdates":1,"skinnable":true,"size":24172,"sourceURI":null,"releaseNotesURI":null,"softDisabled":false,"foreignInstall":false,"hasBinaryComponents":false,"strictCompatibility":true,"locales":[],"targetApplications":[{"id":"{ec8030f7-c20a-464f-9b0e-13a3a9e97384}","minVersion":"44.0.2","maxVersion":"44.0.2"}],"targetPlatforms":[]}
1456141760651	addons.xpi	DEBUG	getModTime: Recursive scan of {972ce4c6-7e08-4474-a285-3208198ce6fd}
1456141760653	DeferredSave.extensions.json	DEBUG	Save changes
1456141760654	addons.xpi	DEBUG	Updating database with changes to installed add-ons
1456141760654	addons.xpi-utils	DEBUG	Updating add-on states
1456141760657	addons.xpi-utils	DEBUG	Writing add-ons list
1456141760666	addons.manager	DEBUG	Registering shutdown blocker for XPIProvider
1456141760666	addons.manager	DEBUG	Provider finished startup: XPIProvider
1456141760667	addons.manager	DEBUG	Starting provider: LightweightThemeManager
1456141760667	addons.manager	DEBUG	Registering shutdown blocker for LightweightThemeManager
1456141760667	addons.manager	DEBUG	Provider finished startup: LightweightThemeManager
1456141760667	addons.manager	DEBUG	Starting provider: GMPProvider
1456141760673	addons.manager	DEBUG	Registering shutdown blocker for GMPProvider
1456141760674	addons.manager	DEBUG	Provider finished startup: GMPProvider
1456141760674	addons.manager	DEBUG	Starting provider: PluginProvider
1456141760674	addons.manager	DEBUG	Registering shutdown blocker for PluginProvider
1456141760674	addons.manager	DEBUG	Provider finished startup: PluginProvider
1456141760674	addons.manager	DEBUG	Completed startup sequence
1456141762061	addons.manager	DEBUG	Starting provider: <unnamed-provider>
1456141762062	addons.manager	DEBUG	Registering shutdown blocker for <unnamed-provider>
1456141762063	addons.manager	DEBUG	Provider finished startup: <unnamed-provider>
1456141762364	DeferredSave.extensions.json	DEBUG	Starting write
1456141762915	addons.repository	DEBUG	No addons.json found.
1456141762915	DeferredSave.addons.json	DEBUG	Save changes
1456141762930	DeferredSave.addons.json	DEBUG	Starting timer
1456141762944	addons.manager	DEBUG	Starting provider: PreviousExperimentProvider
1456141762945	addons.manager	DEBUG	Registering shutdown blocker for PreviousExperimentProvider
1456141762945	addons.manager	DEBUG	Provider finished startup: PreviousExperimentProvider
1456141762949	DeferredSave.extensions.json	DEBUG	Write succeeded
1456141762949	addons.xpi-utils	DEBUG	XPI Database saved, setting schema version preference to 17
1456141762984	DeferredSave.addons.json	DEBUG	Starting write
1456141762994	DeferredSave.addons.json	DEBUG	Write succeeded

	at org.openqa.selenium.firefox.internal.NewProfileExtensionConnection.start(NewProfileExtensionConnection.java:122)
	at org.openqa.selenium.firefox.FirefoxDriver.startClient(FirefoxDriver.java:276)
	at org.openqa.selenium.remote.RemoteWebDriver.<init>(RemoteWebDriver.java:116)
	at org.openqa.selenium.firefox.FirefoxDriver.<init>(FirefoxDriver.java:221)
	at org.openqa.selenium.firefox.FirefoxDriver.<init>(FirefoxDriver.java:216)
	at org.openqa.selenium.firefox.FirefoxDriver.<init>(FirefoxDriver.java:212)
	at org.openqa.selenium.firefox.FirefoxDriver.<init>(FirefoxDriver.java:125)
	at Maven.TestNG.Login_inMaven.beforeMethod(Login_inMaven.java:86)
	at sun.reflect.NativeMethodAccessorImpl.invoke0(Native Method)
	at sun.reflect.NativeMethodAccessorImpl.invoke(NativeMethodAccessorImpl.java:62)
	at sun.reflect.DelegatingMethodAccessorImpl.invoke(DelegatingMethodAccessorImpl.java:43)
	at java.lang.reflect.Method.invoke(Method.java:497)
	at org.testng.internal.MethodInvocationHelper.invokeMethod(MethodInvocationHelper.java:85)
	at org.testng.internal.Invoker.invokeConfigurationMethod(Invoker.java:510)
	at org.testng.internal.Invoker.invokeConfigurations(Invoker.java:211)
	at org.testng.internal.Invoker.invokeMethod(Invoker.java:585)
	at org.testng.internal.Invoker.invokeTestMethod(Invoker.java:821)
	at org.testng.internal.Invoker.invokeTestMethods(Invoker.java:1131)
	at org.testng.internal.TestMethodWorker.invokeTestMethods(TestMethodWorker.java:124)
	at org.testng.internal.TestMethodWorker.run(TestMethodWorker.java:108)
	at org.testng.TestRunner.privateRun(TestRunner.java:773)
	at org.testng.TestRunner.run(TestRunner.java:623)
	at org.testng.SuiteRunner.runTest(SuiteRunner.java:357)
	at org.testng.SuiteRunner.runSequentially(SuiteRunner.java:352)
	at org.testng.SuiteRunner.privateRun(SuiteRunner.java:310)
	at org.testng.SuiteRunner.run(SuiteRunner.java:259)
	at org.testng.SuiteRunnerWorker.runSuite(SuiteRunnerWorker.java:52)
	at org.testng.SuiteRunnerWorker.run(SuiteRunnerWorker.java:86)
	at org.testng.TestNG.runSuitesSequentially(TestNG.java:1185)
	at org.testng.TestNG.runSuitesLocally(TestNG.java:1110)
	at org.testng.TestNG.run(TestNG.java:1018)
	at org.apache.maven.surefire.testng.TestNGExecutor.run(TestNGExecutor.java:295)
	at org.apache.maven.surefire.testng.TestNGXmlTestSuite.execute(TestNGXmlTestSuite.java:84)
	at org.apache.maven.surefire.testng.TestNGProvider.invoke(TestNGProvider.java:90)
	at org.apache.maven.surefire.booter.ForkedBooter.invokeProviderInSameClassLoader(ForkedBooter.java:203)
	at org.apache.maven.surefire.booter.ForkedBooter.runSuitesInProcess(ForkedBooter.java:155)
	at org.apache.maven.surefire.booter.ForkedBooter.main(ForkedBooter.java:103)
]]></system-err>
  </testcase>
  <testcase name="beforeMethod" classname="Maven.TestNG.Login_inMaven" time="0">
    <skipped/>
  </testcase>
  <testcase name="beforeMethod" classname="Maven.TestNG.Login_inMaven" time="0">
    <skipped/>
  </testcase>
  <testcase name="beforeMethod" classname="Maven.TestNG.Login_inMaven" time="0">
    <skipped/>
  </testcase>
  <testcase name="beforeMethod" classname="Maven.TestNG.Login_inMaven" time="0">
    <skipped/>
  </testcase>
  <testcase name="beforeMethod" classname="Maven.TestNG.Login_inMaven" time="0">
    <skipped/>
  </testcase>
  <testcase name="Login_Invalid" classname="Maven.TestNG.Login_inMaven" time="0">
    <skipped/>
  </testcase>
  <testcase name="Login_Invalid" classname="Maven.TestNG.Login_inMaven" time="0">
    <skipped/>
  </testcase>
  <testcase name="Login_Invalid" classname="Maven.TestNG.Login_inMaven" time="0">
    <skipped/>
  </testcase>
  <testcase name="Login_Invalid" classname="Maven.TestNG.Login_inMaven" time="0">
    <skipped/>
  </testcase>
  <testcase name="afterMethod" classname="Maven.TestNG.Login_inMaven" time="0">
    <skipped/>
  </testcase>
  <testcase name="afterMethod" classname="Maven.TestNG.Login_inMaven" time="0">
    <skipped/>
  </testcase>
  <testcase name="afterMethod" classname="Maven.TestNG.Login_inMaven" time="0">
    <skipped/>
  </testcase>
  <testcase name="afterMethod" classname="Maven.TestNG.Login_inMaven" time="0">
    <skipped/>
  </testcase>
  <testcase name="afterMethod" classname="Maven.TestNG.Login_inMaven" time="0">
    <skipped/>
  </testcase>
  <testcase name="afterMethod" classname="Maven.TestNG.Login_inMaven" time="0">
    <skipped/>
  </testcase>
  <testcase name="Login_Valid" classname="Maven.TestNG.Login_inMaven" time="0">
    <skipped/>
  </testcase>
  <testcase name="Forgot_password" classname="Maven.TestNG.Login_inMaven" time="0">
    <skipped/>
  </testcase>
  <testcase name="testMethodOne" classname="Maven.TestNG.ParallelSuiteTest" time="0.004"/>
  <testcase name="testMethodOne" classname="Maven.TestNG.ParallelSuiteTest" time="0.001"/>
</testsuite>