<?xml version="1.0" encoding="UTF-8"?>
<!-- Generated by org.testng.reporters.JUnitReportReporter -->
<testsuite hostname="AMK53S-26" name="Maven.TestNG.Login_inMaven" tests="1" failures="1" timestamp="21 Aug 2015 10:27:28 GMT" time="0.001" errors="0">
  <testcase name="Login_Valid" time="0.001" classname="Maven.TestNG.Login_inMaven">
    <failure type="org.testng.TestNGException" message="
Parameter &#039;test-name&#039; is required by @Configuration on method beforeTest but has not been marked @Optional or defined
in C:\Users\Thinh Luong\AppData\Local\Temp\testng-eclipse-1792821856\testng-customsuite.xml">
      <![CDATA[org.testng.TestNGException: 
Parameter 'test-name' is required by @Configuration on method beforeTest but has not been marked @Optional or defined
in C:\Users\Thinh Luong\AppData\Local\Temp\testng-eclipse-1792821856\testng-customsuite.xml
	at org.testng.internal.Parameters.createParameters(Parameters.java:155)
	at org.testng.internal.Parameters.createParameters(Parameters.java:358)
	at org.testng.internal.Parameters.createConfigurationParameters(Parameters.java:86)
	at org.testng.internal.Invoker.invokeConfigurations(Invoker.java:199)
	at org.testng.internal.Invoker.invokeConfigurations(Invoker.java:138)
	at org.testng.TestRunner.beforeRun(TestRunner.java:641)
	at org.testng.TestRunner.run(TestRunner.java:609)
	at org.testng.SuiteRunner.runTest(SuiteRunner.java:334)
	at org.testng.SuiteRunner.runSequentially(SuiteRunner.java:329)
	at org.testng.SuiteRunner.privateRun(SuiteRunner.java:291)
	at org.testng.SuiteRunner.run(SuiteRunner.java:240)
	at org.testng.SuiteRunnerWorker.runSuite(SuiteRunnerWorker.java:52)
	at org.testng.SuiteRunnerWorker.run(SuiteRunnerWorker.java:86)
	at org.testng.TestNG.runSuitesSequentially(TestNG.java:1224)
	at org.testng.TestNG.runSuitesLocally(TestNG.java:1149)
	at org.testng.TestNG.run(TestNG.java:1057)
	at org.testng.remote.RemoteTestNG.run(RemoteTestNG.java:111)
	at org.testng.remote.RemoteTestNG.initAndRun(RemoteTestNG.java:204)
	at org.testng.remote.RemoteTestNG.main(RemoteTestNG.java:175)
]]>
    </failure>
  </testcase> <!-- Login_Valid -->
</testsuite> <!-- Maven.TestNG.Login_inMaven -->
